ERROR - 2023-09-24 11:13:47 --> mysqli_sql_exception: Table 'music_player.music_track' doesn't exist in C:\laragon\www\music_player_delmonte\system\Database\MySQLi\Connection.php:306
Stack trace:
#0 C:\laragon\www\music_player_delmonte\system\Database\MySQLi\Connection.php(306): mysqli->query('SELECT *\nFROM `...', 0)
#1 C:\laragon\www\music_player_delmonte\system\Database\BaseConnection.php(692): CodeIgniter\Database\MySQLi\Connection->execute('SELECT *\nFROM `...')
#2 C:\laragon\www\music_player_delmonte\system\Database\BaseConnection.php(606): CodeIgniter\Database\BaseConnection->simpleQuery('SELECT *\nFROM `...')
#3 C:\laragon\www\music_player_delmonte\system\Database\BaseBuilder.php(1615): CodeIgniter\Database\BaseConnection->query('SELECT *\nFROM `...', Array, false)
#4 C:\laragon\www\music_player_delmonte\system\Model.php(237): CodeIgniter\Database\BaseBuilder->get()
#5 C:\laragon\www\music_player_delmonte\system\BaseModel.php(624): CodeIgniter\Model->doFindAll(0, 0)
#6 C:\laragon\www\music_player_delmonte\app\Controllers\MusicController.php(14): CodeIgniter\BaseModel->findAll()
#7 C:\laragon\www\music_player_delmonte\system\CodeIgniter.php(919): App\Controllers\MusicController->index()
#8 C:\laragon\www\music_player_delmonte\system\CodeIgniter.php(494): CodeIgniter\CodeIgniter->runController(Object(App\Controllers\MusicController))
#9 C:\laragon\www\music_player_delmonte\system\CodeIgniter.php(353): CodeIgniter\CodeIgniter->handleRequest(NULL, Object(Config\Cache), false)
#10 C:\laragon\www\music_player_delmonte\public\index.php(79): CodeIgniter\CodeIgniter->run()
#11 C:\laragon\www\music_player_delmonte\system\Commands\Server\rewrite.php(47): require_once('C:\\laragon\\www\\...')
#12 {main}
CRITICAL - 2023-09-24 11:13:47 --> Table 'music_player.music_track' doesn't exist
in SYSTEMPATH\Database\BaseConnection.php on line 646.
 1 SYSTEMPATH\Database\BaseBuilder.php(1615): CodeIgniter\Database\BaseConnection->query('SELECT *
FROM `music_track`', [], false)
 2 SYSTEMPATH\Model.php(237): CodeIgniter\Database\BaseBuilder->get()
 3 SYSTEMPATH\BaseModel.php(624): CodeIgniter\Model->doFindAll(0, 0)
 4 APPPATH\Controllers\MusicController.php(14): CodeIgniter\BaseModel->findAll()
 5 SYSTEMPATH\CodeIgniter.php(919): App\Controllers\MusicController->index()
 6 SYSTEMPATH\CodeIgniter.php(494): CodeIgniter\CodeIgniter->runController(Object(App\Controllers\MusicController))
 7 SYSTEMPATH\CodeIgniter.php(353): CodeIgniter\CodeIgniter->handleRequest(null, Object(Config\Cache), false)
 8 FCPATH\index.php(79): CodeIgniter\CodeIgniter->run()
 9 SYSTEMPATH\Commands\Server\rewrite.php(47): require_once('C:\\laragon\\www\\music_player_delmonte\\public\\index.php')
ERROR - 2023-09-24 11:13:47 --> mysqli_sql_exception: Table 'music_player.music_track' doesn't exist in C:\laragon\www\music_player_delmonte\system\Database\MySQLi\Connection.php:306
Stack trace:
#0 C:\laragon\www\music_player_delmonte\system\Database\MySQLi\Connection.php(306): mysqli->query('SELECT *\nFROM `...', 0)
#1 C:\laragon\www\music_player_delmonte\system\Database\BaseConnection.php(692): CodeIgniter\Database\MySQLi\Connection->execute('SELECT *\nFROM `...')
#2 C:\laragon\www\music_player_delmonte\system\Database\BaseConnection.php(606): CodeIgniter\Database\BaseConnection->simpleQuery('SELECT *\nFROM `...')
#3 C:\laragon\www\music_player_delmonte\system\Database\BaseBuilder.php(1615): CodeIgniter\Database\BaseConnection->query('SELECT *\nFROM `...', Array, false)
#4 C:\laragon\www\music_player_delmonte\system\Model.php(237): CodeIgniter\Database\BaseBuilder->get()
#5 C:\laragon\www\music_player_delmonte\system\BaseModel.php(624): CodeIgniter\Model->doFindAll(0, 0)
#6 C:\laragon\www\music_player_delmonte\app\Controllers\MusicController.php(14): CodeIgniter\BaseModel->findAll()
#7 C:\laragon\www\music_player_delmonte\system\CodeIgniter.php(919): App\Controllers\MusicController->index()
#8 C:\laragon\www\music_player_delmonte\system\CodeIgniter.php(494): CodeIgniter\CodeIgniter->runController(Object(App\Controllers\MusicController))
#9 C:\laragon\www\music_player_delmonte\system\CodeIgniter.php(353): CodeIgniter\CodeIgniter->handleRequest(NULL, Object(Config\Cache), false)
#10 C:\laragon\www\music_player_delmonte\public\index.php(79): CodeIgniter\CodeIgniter->run()
#11 C:\laragon\www\music_player_delmonte\system\Commands\Server\rewrite.php(47): require_once('C:\\laragon\\www\\...')
#12 {main}
CRITICAL - 2023-09-24 11:13:47 --> Table 'music_player.music_track' doesn't exist
in SYSTEMPATH\Database\BaseConnection.php on line 646.
 1 SYSTEMPATH\Database\BaseBuilder.php(1615): CodeIgniter\Database\BaseConnection->query('SELECT *
FROM `music_track`', [], false)
 2 SYSTEMPATH\Model.php(237): CodeIgniter\Database\BaseBuilder->get()
 3 SYSTEMPATH\BaseModel.php(624): CodeIgniter\Model->doFindAll(0, 0)
 4 APPPATH\Controllers\MusicController.php(14): CodeIgniter\BaseModel->findAll()
 5 SYSTEMPATH\CodeIgniter.php(919): App\Controllers\MusicController->index()
 6 SYSTEMPATH\CodeIgniter.php(494): CodeIgniter\CodeIgniter->runController(Object(App\Controllers\MusicController))
 7 SYSTEMPATH\CodeIgniter.php(353): CodeIgniter\CodeIgniter->handleRequest(null, Object(Config\Cache), false)
 8 FCPATH\index.php(79): CodeIgniter\CodeIgniter->run()
 9 SYSTEMPATH\Commands\Server\rewrite.php(47): require_once('C:\\laragon\\www\\music_player_delmonte\\public\\index.php')
CRITICAL - 2023-09-24 12:18:55 --> Undefined variable $music
in APPPATH\Views\music_player.php on line 141.
 1 APPPATH\Views\music_player.php(141): CodeIgniter\Debug\Exceptions->errorHandler(2, 'Undefined variable $music', 'C:\\laragon\\www\\music_player_delmonte\\app\\Views\\music_player.php', 141)
 2 SYSTEMPATH\View\View.php(226): include('C:\\laragon\\www\\music_player_delmonte\\app\\Views\\music_player.php')
 3 SYSTEMPATH\View\View.php(229): CodeIgniter\View\View->CodeIgniter\View\{closure}()
 4 SYSTEMPATH\Common.php(1188): CodeIgniter\View\View->render('music_player', [], true)
 5 APPPATH\Controllers\MusicController.php(20): view('music_player', [...])
 6 SYSTEMPATH\CodeIgniter.php(919): App\Controllers\MusicController->index()
 7 SYSTEMPATH\CodeIgniter.php(494): CodeIgniter\CodeIgniter->runController(Object(App\Controllers\MusicController))
 8 SYSTEMPATH\CodeIgniter.php(353): CodeIgniter\CodeIgniter->handleRequest(null, Object(Config\Cache), false)
 9 FCPATH\index.php(79): CodeIgniter\CodeIgniter->run()
10 SYSTEMPATH\Commands\Server\rewrite.php(47): require_once('C:\\laragon\\www\\music_player_delmonte\\public\\index.php')
CRITICAL - 2023-09-24 12:19:41 --> Undefined variable $music
in APPPATH\Views\music_player.php on line 141.
 1 APPPATH\Views\music_player.php(141): CodeIgniter\Debug\Exceptions->errorHandler(2, 'Undefined variable $music', 'C:\\laragon\\www\\music_player_delmonte\\app\\Views\\music_player.php', 141)
 2 SYSTEMPATH\View\View.php(226): include('C:\\laragon\\www\\music_player_delmonte\\app\\Views\\music_player.php')
 3 SYSTEMPATH\View\View.php(229): CodeIgniter\View\View->CodeIgniter\View\{closure}()
 4 SYSTEMPATH\Common.php(1188): CodeIgniter\View\View->render('music_player', [], true)
 5 APPPATH\Controllers\MusicController.php(20): view('music_player', [...])
 6 SYSTEMPATH\CodeIgniter.php(919): App\Controllers\MusicController->index()
 7 SYSTEMPATH\CodeIgniter.php(494): CodeIgniter\CodeIgniter->runController(Object(App\Controllers\MusicController))
 8 SYSTEMPATH\CodeIgniter.php(353): CodeIgniter\CodeIgniter->handleRequest(null, Object(Config\Cache), false)
 9 FCPATH\index.php(79): CodeIgniter\CodeIgniter->run()
10 SYSTEMPATH\Commands\Server\rewrite.php(47): require_once('C:\\laragon\\www\\music_player_delmonte\\public\\index.php')
CRITICAL - 2023-09-24 12:19:42 --> Undefined variable $music
in APPPATH\Views\music_player.php on line 141.
 1 APPPATH\Views\music_player.php(141): CodeIgniter\Debug\Exceptions->errorHandler(2, 'Undefined variable $music', 'C:\\laragon\\www\\music_player_delmonte\\app\\Views\\music_player.php', 141)
 2 SYSTEMPATH\View\View.php(226): include('C:\\laragon\\www\\music_player_delmonte\\app\\Views\\music_player.php')
 3 SYSTEMPATH\View\View.php(229): CodeIgniter\View\View->CodeIgniter\View\{closure}()
 4 SYSTEMPATH\Common.php(1188): CodeIgniter\View\View->render('music_player', [], true)
 5 APPPATH\Controllers\MusicController.php(20): view('music_player', [...])
 6 SYSTEMPATH\CodeIgniter.php(919): App\Controllers\MusicController->index()
 7 SYSTEMPATH\CodeIgniter.php(494): CodeIgniter\CodeIgniter->runController(Object(App\Controllers\MusicController))
 8 SYSTEMPATH\CodeIgniter.php(353): CodeIgniter\CodeIgniter->handleRequest(null, Object(Config\Cache), false)
 9 FCPATH\index.php(79): CodeIgniter\CodeIgniter->run()
10 SYSTEMPATH\Commands\Server\rewrite.php(47): require_once('C:\\laragon\\www\\music_player_delmonte\\public\\index.php')
CRITICAL - 2023-09-24 12:19:43 --> Undefined variable $music
in APPPATH\Views\music_player.php on line 141.
 1 APPPATH\Views\music_player.php(141): CodeIgniter\Debug\Exceptions->errorHandler(2, 'Undefined variable $music', 'C:\\laragon\\www\\music_player_delmonte\\app\\Views\\music_player.php', 141)
 2 SYSTEMPATH\View\View.php(226): include('C:\\laragon\\www\\music_player_delmonte\\app\\Views\\music_player.php')
 3 SYSTEMPATH\View\View.php(229): CodeIgniter\View\View->CodeIgniter\View\{closure}()
 4 SYSTEMPATH\Common.php(1188): CodeIgniter\View\View->render('music_player', [], true)
 5 APPPATH\Controllers\MusicController.php(20): view('music_player', [...])
 6 SYSTEMPATH\CodeIgniter.php(919): App\Controllers\MusicController->index()
 7 SYSTEMPATH\CodeIgniter.php(494): CodeIgniter\CodeIgniter->runController(Object(App\Controllers\MusicController))
 8 SYSTEMPATH\CodeIgniter.php(353): CodeIgniter\CodeIgniter->handleRequest(null, Object(Config\Cache), false)
 9 FCPATH\index.php(79): CodeIgniter\CodeIgniter->run()
10 SYSTEMPATH\Commands\Server\rewrite.php(47): require_once('C:\\laragon\\www\\music_player_delmonte\\public\\index.php')
CRITICAL - 2023-09-24 12:19:43 --> Undefined variable $music
in APPPATH\Views\music_player.php on line 141.
 1 APPPATH\Views\music_player.php(141): CodeIgniter\Debug\Exceptions->errorHandler(2, 'Undefined variable $music', 'C:\\laragon\\www\\music_player_delmonte\\app\\Views\\music_player.php', 141)
 2 SYSTEMPATH\View\View.php(226): include('C:\\laragon\\www\\music_player_delmonte\\app\\Views\\music_player.php')
 3 SYSTEMPATH\View\View.php(229): CodeIgniter\View\View->CodeIgniter\View\{closure}()
 4 SYSTEMPATH\Common.php(1188): CodeIgniter\View\View->render('music_player', [], true)
 5 APPPATH\Controllers\MusicController.php(20): view('music_player', [...])
 6 SYSTEMPATH\CodeIgniter.php(919): App\Controllers\MusicController->index()
 7 SYSTEMPATH\CodeIgniter.php(494): CodeIgniter\CodeIgniter->runController(Object(App\Controllers\MusicController))
 8 SYSTEMPATH\CodeIgniter.php(353): CodeIgniter\CodeIgniter->handleRequest(null, Object(Config\Cache), false)
 9 FCPATH\index.php(79): CodeIgniter\CodeIgniter->run()
10 SYSTEMPATH\Commands\Server\rewrite.php(47): require_once('C:\\laragon\\www\\music_player_delmonte\\public\\index.php')
CRITICAL - 2023-09-24 12:20:32 --> Undefined variable $music
in APPPATH\Views\music_player.php on line 141.
 1 APPPATH\Views\music_player.php(141): CodeIgniter\Debug\Exceptions->errorHandler(2, 'Undefined variable $music', 'C:\\laragon\\www\\music_player_delmonte\\app\\Views\\music_player.php', 141)
 2 SYSTEMPATH\View\View.php(226): include('C:\\laragon\\www\\music_player_delmonte\\app\\Views\\music_player.php')
 3 SYSTEMPATH\View\View.php(229): CodeIgniter\View\View->CodeIgniter\View\{closure}()
 4 SYSTEMPATH\Common.php(1188): CodeIgniter\View\View->render('music_player', [], true)
 5 APPPATH\Controllers\MusicController.php(20): view('music_player', [...])
 6 SYSTEMPATH\CodeIgniter.php(919): App\Controllers\MusicController->index()
 7 SYSTEMPATH\CodeIgniter.php(494): CodeIgniter\CodeIgniter->runController(Object(App\Controllers\MusicController))
 8 SYSTEMPATH\CodeIgniter.php(353): CodeIgniter\CodeIgniter->handleRequest(null, Object(Config\Cache), false)
 9 FCPATH\index.php(79): CodeIgniter\CodeIgniter->run()
10 SYSTEMPATH\Commands\Server\rewrite.php(47): require_once('C:\\laragon\\www\\music_player_delmonte\\public\\index.php')
CRITICAL - 2023-09-24 12:20:33 --> Undefined variable $music
in APPPATH\Views\music_player.php on line 141.
 1 APPPATH\Views\music_player.php(141): CodeIgniter\Debug\Exceptions->errorHandler(2, 'Undefined variable $music', 'C:\\laragon\\www\\music_player_delmonte\\app\\Views\\music_player.php', 141)
 2 SYSTEMPATH\View\View.php(226): include('C:\\laragon\\www\\music_player_delmonte\\app\\Views\\music_player.php')
 3 SYSTEMPATH\View\View.php(229): CodeIgniter\View\View->CodeIgniter\View\{closure}()
 4 SYSTEMPATH\Common.php(1188): CodeIgniter\View\View->render('music_player', [], true)
 5 APPPATH\Controllers\MusicController.php(20): view('music_player', [...])
 6 SYSTEMPATH\CodeIgniter.php(919): App\Controllers\MusicController->index()
 7 SYSTEMPATH\CodeIgniter.php(494): CodeIgniter\CodeIgniter->runController(Object(App\Controllers\MusicController))
 8 SYSTEMPATH\CodeIgniter.php(353): CodeIgniter\CodeIgniter->handleRequest(null, Object(Config\Cache), false)
 9 FCPATH\index.php(79): CodeIgniter\CodeIgniter->run()
10 SYSTEMPATH\Commands\Server\rewrite.php(47): require_once('C:\\laragon\\www\\music_player_delmonte\\public\\index.php')
CRITICAL - 2023-09-24 12:20:33 --> Undefined variable $music
in APPPATH\Views\music_player.php on line 141.
 1 APPPATH\Views\music_player.php(141): CodeIgniter\Debug\Exceptions->errorHandler(2, 'Undefined variable $music', 'C:\\laragon\\www\\music_player_delmonte\\app\\Views\\music_player.php', 141)
 2 SYSTEMPATH\View\View.php(226): include('C:\\laragon\\www\\music_player_delmonte\\app\\Views\\music_player.php')
 3 SYSTEMPATH\View\View.php(229): CodeIgniter\View\View->CodeIgniter\View\{closure}()
 4 SYSTEMPATH\Common.php(1188): CodeIgniter\View\View->render('music_player', [], true)
 5 APPPATH\Controllers\MusicController.php(20): view('music_player', [...])
 6 SYSTEMPATH\CodeIgniter.php(919): App\Controllers\MusicController->index()
 7 SYSTEMPATH\CodeIgniter.php(494): CodeIgniter\CodeIgniter->runController(Object(App\Controllers\MusicController))
 8 SYSTEMPATH\CodeIgniter.php(353): CodeIgniter\CodeIgniter->handleRequest(null, Object(Config\Cache), false)
 9 FCPATH\index.php(79): CodeIgniter\CodeIgniter->run()
10 SYSTEMPATH\Commands\Server\rewrite.php(47): require_once('C:\\laragon\\www\\music_player_delmonte\\public\\index.php')
CRITICAL - 2023-09-24 12:20:34 --> Undefined variable $music
in APPPATH\Views\music_player.php on line 141.
 1 APPPATH\Views\music_player.php(141): CodeIgniter\Debug\Exceptions->errorHandler(2, 'Undefined variable $music', 'C:\\laragon\\www\\music_player_delmonte\\app\\Views\\music_player.php', 141)
 2 SYSTEMPATH\View\View.php(226): include('C:\\laragon\\www\\music_player_delmonte\\app\\Views\\music_player.php')
 3 SYSTEMPATH\View\View.php(229): CodeIgniter\View\View->CodeIgniter\View\{closure}()
 4 SYSTEMPATH\Common.php(1188): CodeIgniter\View\View->render('music_player', [], true)
 5 APPPATH\Controllers\MusicController.php(20): view('music_player', [...])
 6 SYSTEMPATH\CodeIgniter.php(919): App\Controllers\MusicController->index()
 7 SYSTEMPATH\CodeIgniter.php(494): CodeIgniter\CodeIgniter->runController(Object(App\Controllers\MusicController))
 8 SYSTEMPATH\CodeIgniter.php(353): CodeIgniter\CodeIgniter->handleRequest(null, Object(Config\Cache), false)
 9 FCPATH\index.php(79): CodeIgniter\CodeIgniter->run()
10 SYSTEMPATH\Commands\Server\rewrite.php(47): require_once('C:\\laragon\\www\\music_player_delmonte\\public\\index.php')
CRITICAL - 2023-09-24 12:23:40 --> Undefined variable $music
in APPPATH\Views\music_player.php on line 141.
 1 APPPATH\Views\music_player.php(141): CodeIgniter\Debug\Exceptions->errorHandler(2, 'Undefined variable $music', 'C:\\laragon\\www\\music_player_delmonte\\app\\Views\\music_player.php', 141)
 2 SYSTEMPATH\View\View.php(226): include('C:\\laragon\\www\\music_player_delmonte\\app\\Views\\music_player.php')
 3 SYSTEMPATH\View\View.php(229): CodeIgniter\View\View->CodeIgniter\View\{closure}()
 4 SYSTEMPATH\Common.php(1188): CodeIgniter\View\View->render('music_player', [], true)
 5 APPPATH\Controllers\MusicController.php(20): view('music_player', [...])
 6 SYSTEMPATH\CodeIgniter.php(919): App\Controllers\MusicController->index()
 7 SYSTEMPATH\CodeIgniter.php(494): CodeIgniter\CodeIgniter->runController(Object(App\Controllers\MusicController))
 8 SYSTEMPATH\CodeIgniter.php(353): CodeIgniter\CodeIgniter->handleRequest(null, Object(Config\Cache), false)
 9 FCPATH\index.php(79): CodeIgniter\CodeIgniter->run()
10 SYSTEMPATH\Commands\Server\rewrite.php(47): require_once('C:\\laragon\\www\\music_player_delmonte\\public\\index.php')
CRITICAL - 2023-09-24 12:23:41 --> Undefined variable $music
in APPPATH\Views\music_player.php on line 141.
 1 APPPATH\Views\music_player.php(141): CodeIgniter\Debug\Exceptions->errorHandler(2, 'Undefined variable $music', 'C:\\laragon\\www\\music_player_delmonte\\app\\Views\\music_player.php', 141)
 2 SYSTEMPATH\View\View.php(226): include('C:\\laragon\\www\\music_player_delmonte\\app\\Views\\music_player.php')
 3 SYSTEMPATH\View\View.php(229): CodeIgniter\View\View->CodeIgniter\View\{closure}()
 4 SYSTEMPATH\Common.php(1188): CodeIgniter\View\View->render('music_player', [], true)
 5 APPPATH\Controllers\MusicController.php(20): view('music_player', [...])
 6 SYSTEMPATH\CodeIgniter.php(919): App\Controllers\MusicController->index()
 7 SYSTEMPATH\CodeIgniter.php(494): CodeIgniter\CodeIgniter->runController(Object(App\Controllers\MusicController))
 8 SYSTEMPATH\CodeIgniter.php(353): CodeIgniter\CodeIgniter->handleRequest(null, Object(Config\Cache), false)
 9 FCPATH\index.php(79): CodeIgniter\CodeIgniter->run()
10 SYSTEMPATH\Commands\Server\rewrite.php(47): require_once('C:\\laragon\\www\\music_player_delmonte\\public\\index.php')
CRITICAL - 2023-09-24 12:24:16 --> Undefined variable $music
in APPPATH\Views\music_player.php on line 141.
 1 APPPATH\Views\music_player.php(141): CodeIgniter\Debug\Exceptions->errorHandler(2, 'Undefined variable $music', 'C:\\laragon\\www\\music_player_delmonte\\app\\Views\\music_player.php', 141)
 2 SYSTEMPATH\View\View.php(226): include('C:\\laragon\\www\\music_player_delmonte\\app\\Views\\music_player.php')
 3 SYSTEMPATH\View\View.php(229): CodeIgniter\View\View->CodeIgniter\View\{closure}()
 4 SYSTEMPATH\Common.php(1188): CodeIgniter\View\View->render('music_player', [], true)
 5 APPPATH\Controllers\MusicController.php(20): view('music_player', [...])
 6 SYSTEMPATH\CodeIgniter.php(919): App\Controllers\MusicController->index()
 7 SYSTEMPATH\CodeIgniter.php(494): CodeIgniter\CodeIgniter->runController(Object(App\Controllers\MusicController))
 8 SYSTEMPATH\CodeIgniter.php(353): CodeIgniter\CodeIgniter->handleRequest(null, Object(Config\Cache), false)
 9 FCPATH\index.php(79): CodeIgniter\CodeIgniter->run()
10 SYSTEMPATH\Commands\Server\rewrite.php(47): require_once('C:\\laragon\\www\\music_player_delmonte\\public\\index.php')
CRITICAL - 2023-09-24 12:24:19 --> Undefined variable $music
in APPPATH\Views\music_player.php on line 141.
 1 APPPATH\Views\music_player.php(141): CodeIgniter\Debug\Exceptions->errorHandler(2, 'Undefined variable $music', 'C:\\laragon\\www\\music_player_delmonte\\app\\Views\\music_player.php', 141)
 2 SYSTEMPATH\View\View.php(226): include('C:\\laragon\\www\\music_player_delmonte\\app\\Views\\music_player.php')
 3 SYSTEMPATH\View\View.php(229): CodeIgniter\View\View->CodeIgniter\View\{closure}()
 4 SYSTEMPATH\Common.php(1188): CodeIgniter\View\View->render('music_player', [], true)
 5 APPPATH\Controllers\MusicController.php(20): view('music_player', [...])
 6 SYSTEMPATH\CodeIgniter.php(919): App\Controllers\MusicController->index()
 7 SYSTEMPATH\CodeIgniter.php(494): CodeIgniter\CodeIgniter->runController(Object(App\Controllers\MusicController))
 8 SYSTEMPATH\CodeIgniter.php(353): CodeIgniter\CodeIgniter->handleRequest(null, Object(Config\Cache), false)
 9 FCPATH\index.php(79): CodeIgniter\CodeIgniter->run()
10 SYSTEMPATH\Commands\Server\rewrite.php(47): require_once('C:\\laragon\\www\\music_player_delmonte\\public\\index.php')
CRITICAL - 2023-09-24 12:24:20 --> Undefined variable $music
in APPPATH\Views\music_player.php on line 141.
 1 APPPATH\Views\music_player.php(141): CodeIgniter\Debug\Exceptions->errorHandler(2, 'Undefined variable $music', 'C:\\laragon\\www\\music_player_delmonte\\app\\Views\\music_player.php', 141)
 2 SYSTEMPATH\View\View.php(226): include('C:\\laragon\\www\\music_player_delmonte\\app\\Views\\music_player.php')
 3 SYSTEMPATH\View\View.php(229): CodeIgniter\View\View->CodeIgniter\View\{closure}()
 4 SYSTEMPATH\Common.php(1188): CodeIgniter\View\View->render('music_player', [], true)
 5 APPPATH\Controllers\MusicController.php(20): view('music_player', [...])
 6 SYSTEMPATH\CodeIgniter.php(919): App\Controllers\MusicController->index()
 7 SYSTEMPATH\CodeIgniter.php(494): CodeIgniter\CodeIgniter->runController(Object(App\Controllers\MusicController))
 8 SYSTEMPATH\CodeIgniter.php(353): CodeIgniter\CodeIgniter->handleRequest(null, Object(Config\Cache), false)
 9 FCPATH\index.php(79): CodeIgniter\CodeIgniter->run()
10 SYSTEMPATH\Commands\Server\rewrite.php(47): require_once('C:\\laragon\\www\\music_player_delmonte\\public\\index.php')
CRITICAL - 2023-09-24 12:24:21 --> Undefined variable $music
in APPPATH\Views\music_player.php on line 141.
 1 APPPATH\Views\music_player.php(141): CodeIgniter\Debug\Exceptions->errorHandler(2, 'Undefined variable $music', 'C:\\laragon\\www\\music_player_delmonte\\app\\Views\\music_player.php', 141)
 2 SYSTEMPATH\View\View.php(226): include('C:\\laragon\\www\\music_player_delmonte\\app\\Views\\music_player.php')
 3 SYSTEMPATH\View\View.php(229): CodeIgniter\View\View->CodeIgniter\View\{closure}()
 4 SYSTEMPATH\Common.php(1188): CodeIgniter\View\View->render('music_player', [], true)
 5 APPPATH\Controllers\MusicController.php(20): view('music_player', [...])
 6 SYSTEMPATH\CodeIgniter.php(919): App\Controllers\MusicController->index()
 7 SYSTEMPATH\CodeIgniter.php(494): CodeIgniter\CodeIgniter->runController(Object(App\Controllers\MusicController))
 8 SYSTEMPATH\CodeIgniter.php(353): CodeIgniter\CodeIgniter->handleRequest(null, Object(Config\Cache), false)
 9 FCPATH\index.php(79): CodeIgniter\CodeIgniter->run()
10 SYSTEMPATH\Commands\Server\rewrite.php(47): require_once('C:\\laragon\\www\\music_player_delmonte\\public\\index.php')
ERROR - 2023-09-24 12:24:59 --> mysqli_sql_exception: Cannot delete or update a parent row: a foreign key constraint fails (`music_player`.`playlist_music`, CONSTRAINT `playlist_music_ibfk_2` FOREIGN KEY (`music_track_id`) REFERENCES `music_tracks` (`id`)) in C:\laragon\www\music_player_delmonte\system\Database\MySQLi\Connection.php:306
Stack trace:
#0 C:\laragon\www\music_player_delmonte\system\Database\MySQLi\Connection.php(306): mysqli->query('DELETE FROM `mu...', 0)
#1 C:\laragon\www\music_player_delmonte\system\Database\BaseConnection.php(692): CodeIgniter\Database\MySQLi\Connection->execute('DELETE FROM `mu...')
#2 C:\laragon\www\music_player_delmonte\system\Database\BaseConnection.php(606): CodeIgniter\Database\BaseConnection->simpleQuery('DELETE FROM `mu...')
#3 C:\laragon\www\music_player_delmonte\system\Database\BaseBuilder.php(2790): CodeIgniter\Database\BaseConnection->query('DELETE FROM `mu...', Array, false)
#4 C:\laragon\www\music_player_delmonte\system\Model.php(445): CodeIgniter\Database\BaseBuilder->delete()
#5 C:\laragon\www\music_player_delmonte\system\BaseModel.php(1080): CodeIgniter\Model->doDelete(Array, false)
#6 C:\laragon\www\music_player_delmonte\app\Controllers\MusicController.php(107): CodeIgniter\BaseModel->delete(Array)
#7 C:\laragon\www\music_player_delmonte\system\CodeIgniter.php(919): App\Controllers\MusicController->deleteMusic('1')
#8 C:\laragon\www\music_player_delmonte\system\CodeIgniter.php(494): CodeIgniter\CodeIgniter->runController(Object(App\Controllers\MusicController))
#9 C:\laragon\www\music_player_delmonte\system\CodeIgniter.php(353): CodeIgniter\CodeIgniter->handleRequest(NULL, Object(Config\Cache), false)
#10 C:\laragon\www\music_player_delmonte\public\index.php(79): CodeIgniter\CodeIgniter->run()
#11 C:\laragon\www\music_player_delmonte\system\Commands\Server\rewrite.php(47): require_once('C:\\laragon\\www\\...')
#12 {main}
CRITICAL - 2023-09-24 12:24:59 --> Cannot delete or update a parent row: a foreign key constraint fails (`music_player`.`playlist_music`, CONSTRAINT `playlist_music_ibfk_2` FOREIGN KEY (`music_track_id`) REFERENCES `music_tracks` (`id`))
in SYSTEMPATH\Database\BaseConnection.php on line 646.
 1 SYSTEMPATH\Database\BaseBuilder.php(2790): CodeIgniter\Database\BaseConnection->query('DELETE FROM `music_tracks`
WHERE `id` IN :id:', [...], false)
 2 SYSTEMPATH\Model.php(445): CodeIgniter\Database\BaseBuilder->delete()
 3 SYSTEMPATH\BaseModel.php(1080): CodeIgniter\Model->doDelete([...], false)
 4 APPPATH\Controllers\MusicController.php(107): CodeIgniter\BaseModel->delete([...])
 5 SYSTEMPATH\CodeIgniter.php(919): App\Controllers\MusicController->deleteMusic('1')
 6 SYSTEMPATH\CodeIgniter.php(494): CodeIgniter\CodeIgniter->runController(Object(App\Controllers\MusicController))
 7 SYSTEMPATH\CodeIgniter.php(353): CodeIgniter\CodeIgniter->handleRequest(null, Object(Config\Cache), false)
 8 FCPATH\index.php(79): CodeIgniter\CodeIgniter->run()
 9 SYSTEMPATH\Commands\Server\rewrite.php(47): require_once('C:\\laragon\\www\\music_player_delmonte\\public\\index.php')
CRITICAL - 2023-09-24 12:56:58 --> Unclosed '{' on line 10
in APPPATH\Controllers\MusicController.php on line 119.
 1 SYSTEMPATH\Autoloader\Autoloader.php(285): CodeIgniter\Autoloader\Autoloader->includeFile('C:\\laragon\\www\\music_player_delmonte\\app\\Controllers\\MusicController.php')
 2 SYSTEMPATH\Autoloader\Autoloader.php(263): CodeIgniter\Autoloader\Autoloader->loadInNamespace('App\\Controllers\\MusicController')
 3 [internal function]: CodeIgniter\Autoloader\Autoloader->loadClass('App\\Controllers\\MusicController')
 4 SYSTEMPATH\CodeIgniter.php(877): class_exists('\\App\\Controllers\\MusicController', true)
 5 SYSTEMPATH\CodeIgniter.php(481): CodeIgniter\CodeIgniter->startController()
 6 SYSTEMPATH\CodeIgniter.php(353): CodeIgniter\CodeIgniter->handleRequest(null, Object(Config\Cache), false)
 7 FCPATH\index.php(79): CodeIgniter\CodeIgniter->run()
 8 SYSTEMPATH\Commands\Server\rewrite.php(47): require_once('C:\\laragon\\www\\music_player_delmonte\\public\\index.php')
CRITICAL - 2023-09-24 12:57:41 --> Undefined property: App\Controllers\MusicController::$playlist
in APPPATH\Controllers\MusicController.php on line 96.
 1 APPPATH\Controllers\MusicController.php(96): CodeIgniter\Debug\Exceptions->errorHandler(2, 'Undefined property: App\\Controllers\\MusicController::$playlist', 'C:\\laragon\\www\\music_player_delmonte\\app\\Controllers\\MusicController.php', 96)
 2 SYSTEMPATH\CodeIgniter.php(919): App\Controllers\MusicController->playlists('1')
 3 SYSTEMPATH\CodeIgniter.php(494): CodeIgniter\CodeIgniter->runController(Object(App\Controllers\MusicController))
 4 SYSTEMPATH\CodeIgniter.php(353): CodeIgniter\CodeIgniter->handleRequest(null, Object(Config\Cache), false)
 5 FCPATH\index.php(79): CodeIgniter\CodeIgniter->run()
 6 SYSTEMPATH\Commands\Server\rewrite.php(47): require_once('C:\\laragon\\www\\music_player_delmonte\\public\\index.php')
CRITICAL - 2023-09-24 13:02:38 --> Undefined property: App\Controllers\MusicController::$playlist
in APPPATH\Controllers\MusicController.php on line 96.
 1 APPPATH\Controllers\MusicController.php(96): CodeIgniter\Debug\Exceptions->errorHandler(2, 'Undefined property: App\\Controllers\\MusicController::$playlist', 'C:\\laragon\\www\\music_player_delmonte\\app\\Controllers\\MusicController.php', 96)
 2 SYSTEMPATH\CodeIgniter.php(919): App\Controllers\MusicController->playlists('1')
 3 SYSTEMPATH\CodeIgniter.php(494): CodeIgniter\CodeIgniter->runController(Object(App\Controllers\MusicController))
 4 SYSTEMPATH\CodeIgniter.php(353): CodeIgniter\CodeIgniter->handleRequest(null, Object(Config\Cache), false)
 5 FCPATH\index.php(79): CodeIgniter\CodeIgniter->run()
 6 SYSTEMPATH\Commands\Server\rewrite.php(47): require_once('C:\\laragon\\www\\music_player_delmonte\\public\\index.php')
